<?xml version="1.0" encoding="UTF-8"?>
<coverage generated="1727567665845" clover="3.2.0">
  <project timestamp="1727567665845" name="All files">
    <metrics statements="53" coveredstatements="52" conditionals="13" coveredconditionals="10" methods="19" coveredmethods="19" elements="85" coveredelements="81" complexity="0" loc="53" ncloc="53" packages="1" files="4" classes="4"/>
    <file name="footer.jsx" path="D:\Develop\Projetos\oak-dev-frontend\src\components\footer.jsx">
      <metrics statements="2" coveredstatements="2" conditionals="0" coveredconditionals="0" methods="1" coveredmethods="1"/>
      <line num="4" count="1" type="stmt"/>
      <line num="5" count="4" type="stmt"/>
    </file>
    <file name="header.jsx" path="D:\Develop\Projetos\oak-dev-frontend\src\components\header.jsx">
      <metrics statements="2" coveredstatements="2" conditionals="0" coveredconditionals="0" methods="1" coveredmethods="1"/>
      <line num="4" count="1" type="stmt"/>
      <line num="5" count="2" type="stmt"/>
    </file>
    <file name="productForm.jsx" path="D:\Develop\Projetos\oak-dev-frontend\src\components\productForm.jsx">
      <metrics statements="24" coveredstatements="23" conditionals="8" coveredconditionals="5" methods="7" coveredmethods="7"/>
      <line num="4" count="1" type="stmt"/>
      <line num="6" count="1" type="stmt"/>
      <line num="7" count="9" type="stmt"/>
      <line num="8" count="9" type="stmt"/>
      <line num="9" count="9" type="stmt"/>
      <line num="10" count="9" type="stmt"/>
      <line num="12" count="9" type="stmt"/>
      <line num="13" count="4" type="cond" truecount="2" falsecount="0"/>
      <line num="14" count="1" type="stmt"/>
      <line num="15" count="1" type="stmt"/>
      <line num="16" count="1" type="stmt"/>
      <line num="17" count="1" type="stmt"/>
      <line num="21" count="9" type="stmt"/>
      <line num="22" count="1" type="stmt"/>
      <line num="23" count="1" type="cond" truecount="1" falsecount="1"/>
      <line num="24" count="1" type="cond" truecount="2" falsecount="2"/>
      <line num="25" count="0" type="stmt"/>
      <line num="27" count="1" type="stmt"/>
      <line num="29" count="1" type="stmt"/>
      <line num="32" count="9" type="stmt"/>
      <line num="40" count="1" type="stmt"/>
      <line num="50" count="1" type="stmt"/>
      <line num="61" count="1" type="stmt"/>
      <line num="71" count="1" type="stmt"/>
    </file>
    <file name="productList.jsx" path="D:\Develop\Projetos\oak-dev-frontend\src\components\productList.jsx">
      <metrics statements="25" coveredstatements="25" conditionals="5" coveredconditionals="5" methods="10" coveredmethods="10"/>
      <line num="5" count="1" type="stmt"/>
      <line num="7" count="1" type="stmt"/>
      <line num="8" count="16" type="stmt"/>
      <line num="9" count="16" type="stmt"/>
      <line num="10" count="16" type="stmt"/>
      <line num="12" count="16" type="stmt"/>
      <line num="13" count="6" type="stmt"/>
      <line num="16" count="16" type="stmt"/>
      <line num="17" count="7" type="stmt"/>
      <line num="18" count="7" type="stmt"/>
      <line num="21" count="16" type="stmt"/>
      <line num="22" count="1" type="stmt"/>
      <line num="23" count="1" type="stmt"/>
      <line num="26" count="16" type="stmt"/>
      <line num="27" count="2" type="stmt"/>
      <line num="28" count="2" type="stmt"/>
      <line num="29" count="2" type="stmt"/>
      <line num="32" count="16" type="stmt"/>
      <line num="33" count="1" type="stmt"/>
      <line num="34" count="1" type="stmt"/>
      <line num="37" count="16" type="stmt"/>
      <line num="69" count="9" type="stmt"/>
      <line num="72" count="2" type="stmt"/>
      <line num="77" count="1" type="stmt"/>
      <line num="86" count="1" type="stmt"/>
    </file>
  </project>
</coverage>
