<?xml version="1.0" encoding="UTF-8"?>
<coverage generated="1727561691735" clover="3.2.0">
  <project timestamp="1727561691735" name="All files">
    <metrics statements="4" coveredstatements="4" conditionals="0" coveredconditionals="0" methods="2" coveredmethods="2" elements="6" coveredelements="6" complexity="0" loc="4" ncloc="4" packages="1" files="2" classes="2"/>
    <file name="footer.jsx" path="D:\Develop\Projetos\oak-dev-frontend\src\components\footer.jsx">
      <metrics statements="2" coveredstatements="2" conditionals="0" coveredconditionals="0" methods="1" coveredmethods="1"/>
      <line num="4" count="1" type="stmt"/>
      <line num="5" count="4" type="stmt"/>
    </file>
    <file name="header.jsx" path="D:\Develop\Projetos\oak-dev-frontend\src\components\header.jsx">
      <metrics statements="2" coveredstatements="2" conditionals="0" coveredconditionals="0" methods="1" coveredmethods="1"/>
      <line num="4" count="1" type="stmt"/>
      <line num="5" count="2" type="stmt"/>
    </file>
  </project>
</coverage>
