{"D:\\Develop\\Projetos\\oak-dev-frontend\\src\\components\\footer.jsx": {"path":"D:\\Develop\\Projetos\\oak-dev-frontend\\src\\components\\footer.jsx","statementMap":{"0":{"start":{"line":4,"column":22},"end":{"line":25,"column":1}},"1":{"start":{"line":5,"column":2},"end":{"line":24,"column":3}}},"fnMap":{"0":{"name":"(anonymous_0)","decl":{"start":{"line":4,"column":22},"end":{"line":4,"column":23}},"loc":{"start":{"line":4,"column":28},"end":{"line":25,"column":1}},"line":4}},"branchMap":{},"s":{"0":1,"1":4},"f":{"0":4},"b":{},"_coverageSchema":"1a1c01bbd47fc00a2c39e90264f33305004495a9","hash":"413cfe2336c1c261e3150afcd699f65f867d5636"}
,"D:\\Develop\\Projetos\\oak-dev-frontend\\src\\components\\header.jsx": {"path":"D:\\Develop\\Projetos\\oak-dev-frontend\\src\\components\\header.jsx","statementMap":{"0":{"start":{"line":4,"column":22},"end":{"line":10,"column":1}},"1":{"start":{"line":5,"column":2},"end":{"line":9,"column":3}}},"fnMap":{"0":{"name":"(anonymous_0)","decl":{"start":{"line":4,"column":22},"end":{"line":4,"column":23}},"loc":{"start":{"line":4,"column":28},"end":{"line":10,"column":1}},"line":4}},"branchMap":{},"s":{"0":1,"1":2},"f":{"0":2},"b":{},"_coverageSchema":"1a1c01bbd47fc00a2c39e90264f33305004495a9","hash":"0732d2c2b5e6547044a1196fa976a3dd97925842"}
,"D:\\Develop\\Projetos\\oak-dev-frontend\\src\\components\\productForm.jsx": {"path":"D:\\Develop\\Projetos\\oak-dev-frontend\\src\\components\\productForm.jsx","statementMap":{"0":{"start":{"line":4,"column":16},"end":{"line":4,"column":39}},"1":{"start":{"line":6,"column":27},"end":{"line":96,"column":1}},"2":{"start":{"line":7,"column":26},"end":{"line":7,"column":38}},"3":{"start":{"line":8,"column":40},"end":{"line":8,"column":52}},"4":{"start":{"line":9,"column":28},"end":{"line":9,"column":40}},"5":{"start":{"line":10,"column":50},"end":{"line":10,"column":64}},"6":{"start":{"line":12,"column":2},"end":{"line":19,"column":16}},"7":{"start":{"line":13,"column":4},"end":{"line":18,"column":5}},"8":{"start":{"line":14,"column":6},"end":{"line":14,"column":28}},"9":{"start":{"line":15,"column":6},"end":{"line":15,"column":42}},"10":{"start":{"line":16,"column":6},"end":{"line":16,"column":30}},"11":{"start":{"line":17,"column":6},"end":{"line":17,"column":52}},"12":{"start":{"line":21,"column":23},"end":{"line":30,"column":3}},"13":{"start":{"line":22,"column":4},"end":{"line":22,"column":23}},"14":{"start":{"line":23,"column":21},"end":{"line":23,"column":93}},"15":{"start":{"line":24,"column":4},"end":{"line":28,"column":5}},"16":{"start":{"line":25,"column":6},"end":{"line":25,"column":75}},"17":{"start":{"line":27,"column":6},"end":{"line":27,"column":62}},"18":{"start":{"line":29,"column":4},"end":{"line":29,"column":13}},"19":{"start":{"line":32,"column":2},"end":{"line":95,"column":4}},"20":{"start":{"line":40,"column":27},"end":{"line":40,"column":50}},"21":{"start":{"line":50,"column":27},"end":{"line":50,"column":57}},"22":{"start":{"line":61,"column":27},"end":{"line":61,"column":51}},"23":{"start":{"line":71,"column":27},"end":{"line":71,"column":73}}},"fnMap":{"0":{"name":"(anonymous_0)","decl":{"start":{"line":6,"column":27},"end":{"line":6,"column":28}},"loc":{"start":{"line":6,"column":62},"end":{"line":96,"column":1}},"line":6},"1":{"name":"(anonymous_1)","decl":{"start":{"line":12,"column":12},"end":{"line":12,"column":13}},"loc":{"start":{"line":12,"column":18},"end":{"line":19,"column":3}},"line":12},"2":{"name":"(anonymous_2)","decl":{"start":{"line":21,"column":23},"end":{"line":21,"column":24}},"loc":{"start":{"line":21,"column":36},"end":{"line":30,"column":3}},"line":21},"3":{"name":"(anonymous_3)","decl":{"start":{"line":40,"column":20},"end":{"line":40,"column":21}},"loc":{"start":{"line":40,"column":27},"end":{"line":40,"column":50}},"line":40},"4":{"name":"(anonymous_4)","decl":{"start":{"line":50,"column":20},"end":{"line":50,"column":21}},"loc":{"start":{"line":50,"column":27},"end":{"line":50,"column":57}},"line":50},"5":{"name":"(anonymous_5)","decl":{"start":{"line":61,"column":20},"end":{"line":61,"column":21}},"loc":{"start":{"line":61,"column":27},"end":{"line":61,"column":51}},"line":61},"6":{"name":"(anonymous_6)","decl":{"start":{"line":71,"column":20},"end":{"line":71,"column":21}},"loc":{"start":{"line":71,"column":27},"end":{"line":71,"column":73}},"line":71}},"branchMap":{"0":{"loc":{"start":{"line":13,"column":4},"end":{"line":18,"column":5}},"type":"if","locations":[{"start":{"line":13,"column":4},"end":{"line":18,"column":5}},{"start":{},"end":{}}],"line":13},"1":{"loc":{"start":{"line":23,"column":67},"end":{"line":23,"column":91}},"type":"binary-expr","locations":[{"start":{"line":23,"column":67},"end":{"line":23,"column":83}},{"start":{"line":23,"column":87},"end":{"line":23,"column":91}}],"line":23},"2":{"loc":{"start":{"line":24,"column":4},"end":{"line":28,"column":5}},"type":"if","locations":[{"start":{"line":24,"column":4},"end":{"line":28,"column":5}},{"start":{"line":26,"column":11},"end":{"line":28,"column":5}}],"line":24},"3":{"loc":{"start":{"line":24,"column":8},"end":{"line":24,"column":29}},"type":"binary-expr","locations":[{"start":{"line":24,"column":8},"end":{"line":24,"column":15}},{"start":{"line":24,"column":19},"end":{"line":24,"column":29}}],"line":24}},"s":{"0":1,"1":1,"2":9,"3":9,"4":9,"5":9,"6":9,"7":4,"8":1,"9":1,"10":1,"11":1,"12":9,"13":1,"14":1,"15":1,"16":0,"17":1,"18":1,"19":9,"20":1,"21":1,"22":1,"23":1},"f":{"0":9,"1":4,"2":1,"3":1,"4":1,"5":1,"6":1},"b":{"0":[1,3],"1":[1,0],"2":[0,1],"3":[1,0]},"_coverageSchema":"1a1c01bbd47fc00a2c39e90264f33305004495a9","hash":"7e4c08da337d506d5ab300deafc7704ab852115c"}
,"D:\\Develop\\Projetos\\oak-dev-frontend\\src\\components\\productList.jsx": {"path":"D:\\Develop\\Projetos\\oak-dev-frontend\\src\\components\\productList.jsx","statementMap":{"0":{"start":{"line":5,"column":16},"end":{"line":5,"column":39}},"1":{"start":{"line":7,"column":27},"end":{"line":119,"column":1}},"2":{"start":{"line":8,"column":34},"end":{"line":8,"column":46}},"3":{"start":{"line":9,"column":48},"end":{"line":9,"column":62}},"4":{"start":{"line":10,"column":40},"end":{"line":10,"column":55}},"5":{"start":{"line":12,"column":2},"end":{"line":14,"column":9}},"6":{"start":{"line":13,"column":4},"end":{"line":13,"column":20}},"7":{"start":{"line":16,"column":24},"end":{"line":19,"column":3}},"8":{"start":{"line":17,"column":21},"end":{"line":17,"column":63}},"9":{"start":{"line":18,"column":4},"end":{"line":18,"column":31}},"10":{"start":{"line":21,"column":23},"end":{"line":24,"column":3}},"11":{"start":{"line":22,"column":4},"end":{"line":22,"column":56}},"12":{"start":{"line":23,"column":4},"end":{"line":23,"column":20}},"13":{"start":{"line":26,"column":29},"end":{"line":30,"column":3}},"14":{"start":{"line":27,"column":21},"end":{"line":27,"column":69}},"15":{"start":{"line":28,"column":4},"end":{"line":28,"column":38}},"16":{"start":{"line":29,"column":4},"end":{"line":29,"column":25}},"17":{"start":{"line":32,"column":21},"end":{"line":35,"column":3}},"18":{"start":{"line":33,"column":4},"end":{"line":33,"column":26}},"19":{"start":{"line":34,"column":4},"end":{"line":34,"column":29}},"20":{"start":{"line":37,"column":2},"end":{"line":118,"column":4}},"21":{"start":{"line":69,"column":16},"end":{"line":93,"column":21}},"22":{"start":{"line":72,"column":35},"end":{"line":72,"column":65}},"23":{"start":{"line":77,"column":37},"end":{"line":77,"column":52}},"24":{"start":{"line":86,"column":37},"end":{"line":86,"column":61}}},"fnMap":{"0":{"name":"(anonymous_0)","decl":{"start":{"line":7,"column":27},"end":{"line":7,"column":28}},"loc":{"start":{"line":7,"column":43},"end":{"line":119,"column":1}},"line":7},"1":{"name":"(anonymous_1)","decl":{"start":{"line":12,"column":12},"end":{"line":12,"column":13}},"loc":{"start":{"line":12,"column":18},"end":{"line":14,"column":3}},"line":12},"2":{"name":"(anonymous_2)","decl":{"start":{"line":16,"column":24},"end":{"line":16,"column":25}},"loc":{"start":{"line":16,"column":36},"end":{"line":19,"column":3}},"line":16},"3":{"name":"(anonymous_3)","decl":{"start":{"line":21,"column":23},"end":{"line":21,"column":24}},"loc":{"start":{"line":21,"column":37},"end":{"line":24,"column":3}},"line":21},"4":{"name":"(anonymous_4)","decl":{"start":{"line":26,"column":29},"end":{"line":26,"column":30}},"loc":{"start":{"line":26,"column":43},"end":{"line":30,"column":3}},"line":26},"5":{"name":"(anonymous_5)","decl":{"start":{"line":32,"column":21},"end":{"line":32,"column":22}},"loc":{"start":{"line":32,"column":27},"end":{"line":35,"column":3}},"line":32},"6":{"name":"(anonymous_6)","decl":{"start":{"line":68,"column":27},"end":{"line":68,"column":28}},"loc":{"start":{"line":69,"column":16},"end":{"line":93,"column":21}},"line":69},"7":{"name":"(anonymous_7)","decl":{"start":{"line":72,"column":29},"end":{"line":72,"column":30}},"loc":{"start":{"line":72,"column":35},"end":{"line":72,"column":65}},"line":72},"8":{"name":"(anonymous_8)","decl":{"start":{"line":77,"column":31},"end":{"line":77,"column":32}},"loc":{"start":{"line":77,"column":37},"end":{"line":77,"column":52}},"line":77},"9":{"name":"(anonymous_9)","decl":{"start":{"line":86,"column":31},"end":{"line":86,"column":32}},"loc":{"start":{"line":86,"column":37},"end":{"line":86,"column":61}},"line":86}},"branchMap":{"0":{"loc":{"start":{"line":61,"column":13},"end":{"line":95,"column":13}},"type":"cond-expr","locations":[{"start":{"line":62,"column":14},"end":{"line":66,"column":19}},{"start":{"line":68,"column":14},"end":{"line":94,"column":16}}],"line":61},"1":{"loc":{"start":{"line":100,"column":7},"end":{"line":116,"column":7}},"type":"binary-expr","locations":[{"start":{"line":100,"column":7},"end":{"line":100,"column":18}},{"start":{"line":100,"column":22},"end":{"line":100,"column":37}},{"start":{"line":101,"column":8},"end":{"line":115,"column":14}}],"line":100}},"s":{"0":1,"1":1,"2":16,"3":16,"4":16,"5":16,"6":6,"7":16,"8":7,"9":7,"10":16,"11":1,"12":1,"13":16,"14":2,"15":2,"16":2,"17":16,"18":1,"19":1,"20":16,"21":9,"22":2,"23":1,"24":1},"f":{"0":16,"1":6,"2":7,"3":1,"4":2,"5":1,"6":9,"7":2,"8":1,"9":1},"b":{"0":[8,8],"1":[16,2,2]},"_coverageSchema":"1a1c01bbd47fc00a2c39e90264f33305004495a9","hash":"907201d03ebab46c2a99c1dd264db97fcef21eaa"}
}
