{"D:\\Develop\\Projetos\\oak-dev-frontend\\src\\components\\footer.jsx": {"path":"D:\\Develop\\Projetos\\oak-dev-frontend\\src\\components\\footer.jsx","statementMap":{"0":{"start":{"line":4,"column":22},"end":{"line":25,"column":1}},"1":{"start":{"line":5,"column":2},"end":{"line":24,"column":3}}},"fnMap":{"0":{"name":"(anonymous_0)","decl":{"start":{"line":4,"column":22},"end":{"line":4,"column":23}},"loc":{"start":{"line":4,"column":28},"end":{"line":25,"column":1}},"line":4}},"branchMap":{},"s":{"0":1,"1":4},"f":{"0":4},"b":{},"_coverageSchema":"1a1c01bbd47fc00a2c39e90264f33305004495a9","hash":"413cfe2336c1c261e3150afcd699f65f867d5636"}
,"D:\\Develop\\Projetos\\oak-dev-frontend\\src\\components\\header.jsx": {"path":"D:\\Develop\\Projetos\\oak-dev-frontend\\src\\components\\header.jsx","statementMap":{"0":{"start":{"line":4,"column":22},"end":{"line":10,"column":1}},"1":{"start":{"line":5,"column":2},"end":{"line":9,"column":3}}},"fnMap":{"0":{"name":"(anonymous_0)","decl":{"start":{"line":4,"column":22},"end":{"line":4,"column":23}},"loc":{"start":{"line":4,"column":28},"end":{"line":10,"column":1}},"line":4}},"branchMap":{},"s":{"0":1,"1":2},"f":{"0":2},"b":{},"_coverageSchema":"1a1c01bbd47fc00a2c39e90264f33305004495a9","hash":"0732d2c2b5e6547044a1196fa976a3dd97925842"}
}
