TN:
SF:src\components\footer.jsx
FN:4,(anonymous_0)
FNF:1
FNH:1
FNDA:4,(anonymous_0)
DA:4,1
DA:5,4
LF:2
LH:2
BRF:0
BRH:0
end_of_record
TN:
SF:src\components\header.jsx
FN:4,(anonymous_0)
FNF:1
FNH:1
FNDA:2,(anonymous_0)
DA:4,1
DA:5,2
LF:2
LH:2
BRF:0
BRH:0
end_of_record
TN:
SF:src\components\productForm.jsx
FN:6,(anonymous_0)
FN:12,(anonymous_1)
FN:21,(anonymous_2)
FN:40,(anonymous_3)
FN:50,(anonymous_4)
FN:61,(anonymous_5)
FN:71,(anonymous_6)
FNF:7
FNH:7
FNDA:9,(anonymous_0)
FNDA:4,(anonymous_1)
FNDA:1,(anonymous_2)
FNDA:1,(anonymous_3)
FNDA:1,(anonymous_4)
FNDA:1,(anonymous_5)
FNDA:1,(anonymous_6)
DA:4,1
DA:6,1
DA:7,9
DA:8,9
DA:9,9
DA:10,9
DA:12,9
DA:13,4
DA:14,1
DA:15,1
DA:16,1
DA:17,1
DA:21,9
DA:22,1
DA:23,1
DA:24,1
DA:25,0
DA:27,1
DA:29,1
DA:32,9
DA:40,1
DA:50,1
DA:61,1
DA:71,1
LF:24
LH:23
BRDA:13,0,0,1
BRDA:13,0,1,3
BRDA:23,1,0,1
BRDA:23,1,1,0
BRDA:24,2,0,0
BRDA:24,2,1,1
BRDA:24,3,0,1
BRDA:24,3,1,0
BRF:8
BRH:5
end_of_record
TN:
SF:src\components\productList.jsx
FN:7,(anonymous_0)
FN:12,(anonymous_1)
FN:16,(anonymous_2)
FN:21,(anonymous_3)
FN:26,(anonymous_4)
FN:32,(anonymous_5)
FN:68,(anonymous_6)
FN:72,(anonymous_7)
FN:77,(anonymous_8)
FN:86,(anonymous_9)
FNF:10
FNH:10
FNDA:16,(anonymous_0)
FNDA:6,(anonymous_1)
FNDA:7,(anonymous_2)
FNDA:1,(anonymous_3)
FNDA:2,(anonymous_4)
FNDA:1,(anonymous_5)
FNDA:9,(anonymous_6)
FNDA:2,(anonymous_7)
FNDA:1,(anonymous_8)
FNDA:1,(anonymous_9)
DA:5,1
DA:7,1
DA:8,16
DA:9,16
DA:10,16
DA:12,16
DA:13,6
DA:16,16
DA:17,7
DA:18,7
DA:21,16
DA:22,1
DA:23,1
DA:26,16
DA:27,2
DA:28,2
DA:29,2
DA:32,16
DA:33,1
DA:34,1
DA:37,16
DA:69,9
DA:72,2
DA:77,1
DA:86,1
LF:25
LH:25
BRDA:61,0,0,8
BRDA:61,0,1,8
BRDA:100,1,0,16
BRDA:100,1,1,2
BRDA:100,1,2,2
BRF:5
BRH:5
end_of_record
